0 info it worked if it ends with ok
1 verbose cli [ '/usr/bin/node', '/usr/bin/npm', 'run', 'dev' ]
2 info using npm@3.5.2
3 info using node@v6.11.4
4 verbose run-script [ 'predev', 'dev', 'postdev' ]
5 info lifecycle light-bootstrap-dashboard-react@1.2.0~predev: light-bootstrap-dashboard-react@1.2.0
6 silly lifecycle light-bootstrap-dashboard-react@1.2.0~predev: no script for predev, continuing
7 info lifecycle light-bootstrap-dashboard-react@1.2.0~dev: light-bootstrap-dashboard-react@1.2.0
8 verbose lifecycle light-bootstrap-dashboard-react@1.2.0~dev: unsafe-perm in lifecycle true
9 verbose lifecycle light-bootstrap-dashboard-react@1.2.0~dev: PATH: /usr/share/npm/bin/node-gyp-bin:/home/node/project/CGA-admin-panel/node_modules/.bin:/usr/local/sbin:/usr/local/bin:/usr/sbin:/usr/bin:/sbin:/bin:/usr/games:/usr/local/games:/snap/bin
10 verbose lifecycle light-bootstrap-dashboard-react@1.2.0~dev: CWD: /home/node/project/CGA-admin-panel
11 silly lifecycle light-bootstrap-dashboard-react@1.2.0~dev: Args: [ '-c',
11 silly lifecycle   'concurrently "npm run start:server" "npm run watch:client"' ]
12 info lifecycle light-bootstrap-dashboard-react@1.2.0~dev: Failed to exec dev script
13 verbose stack Error: light-bootstrap-dashboard-react@1.2.0 dev: `concurrently "npm run start:server" "npm run watch:client"`
13 verbose stack spawn ENOENT
13 verbose stack     at ChildProcess.<anonymous> (/usr/share/npm/lib/utils/spawn.js:17:16)
13 verbose stack     at emitTwo (events.js:106:13)
13 verbose stack     at ChildProcess.emit (events.js:191:7)
13 verbose stack     at maybeClose (internal/child_process.js:920:16)
13 verbose stack     at Process.ChildProcess._handle.onexit (internal/child_process.js:230:5)
14 verbose pkgid light-bootstrap-dashboard-react@1.2.0
15 verbose cwd /home/node/project/CGA-admin-panel
16 error Linux 4.13.0-21-generic
17 error argv "/usr/bin/node" "/usr/bin/npm" "run" "dev"
18 error node v6.11.4
19 error npm  v3.5.2
20 error file sh
21 error code ELIFECYCLE
22 error errno ENOENT
23 error syscall spawn
24 error light-bootstrap-dashboard-react@1.2.0 dev: `concurrently "npm run start:server" "npm run watch:client"`
24 error spawn ENOENT
25 error Failed at the light-bootstrap-dashboard-react@1.2.0 dev script 'concurrently "npm run start:server" "npm run watch:client"'.
25 error Make sure you have the latest version of node.js and npm installed.
25 error If you do, this is most likely a problem with the light-bootstrap-dashboard-react package,
25 error not with npm itself.
25 error Tell the author that this fails on your system:
25 error     concurrently "npm run start:server" "npm run watch:client"
25 error You can get information on how to open an issue for this project with:
25 error     npm bugs light-bootstrap-dashboard-react
25 error Or if that isn't available, you can get their info via:
25 error     npm owner ls light-bootstrap-dashboard-react
25 error There is likely additional logging output above.
26 verbose exit [ 1, true ]
